<?xml version="1.0" encoding="UTF-8"?>
<testsuite xmlns:xsi="http://www.w3.org/2001/XMLSchema-instance" xsi:noNamespaceSchemaLocation="https://maven.apache.org/surefire/maven-surefire-plugin/xsd/surefire-test-report.xsd" version="3.0.2" name="projeto.tcc.skillcode.SkillcodeSpringBootApplicationTests" time="68.875" tests="1" errors="0" skipped="0" failures="0">
  <properties>
[...]
</properties>
  <testcase name="contextLoads" classname="projeto.tcc.skillcode.SkillcodeSpringBootApplicationTests" time="4.125">
    <system-out><![CDATA[19:00:25.602 [main] INFO org.springframework.test.context.support.AnnotationConfigContextLoaderUtils -- Could not detect default configuration classes for test class [projeto.tcc.skillcode.SkillcodeSpringBootApplicationTests]: SkillcodeSpringBootApplicationTests does not declare any static, non-private, non-final, nested classes annotated with @Configuration.
19:00:27.580 [main] INFO org.springframework.boot.test.context.SpringBootTestContextBootstrapper -- Found @SpringBootConfiguration projeto.tcc.skillcode.SkillcodeSpringBootApplication for test class projeto.tcc.skillcode.SkillcodeSpringBootApplicationTests

  .   ____          _            __ _ _
 /\\ / ___'_ __ _ _(_)_ __  __ _ \ \ \ \
( ( )\___ | '_ | '_| | '_ \/ _` | \ \ \ \
 \\/  ___)| |_)| | | | | || (_| |  ) ) ) )
  '  |____| .__|_| |_|_| |_\__, | / / / /
 =========|_|==============|___/=/_/_/_/

 :: Spring Boot ::                (v3.4.4)

2025-06-22T19:00:31.751-03:00  INFO 2420 --- [skillcode_spring_boot] [           main] .t.s.SkillcodeSpringBootApplicationTests : Starting SkillcodeSpringBootApplicationTests using Java 17.0.11 with PID 2420 (started by Leandro in C:\Users\Leandro\Downloads\tcc\Skillcode-master\springboot\skillcode_spring_boot(v2))
2025-06-22T19:00:31.754-03:00  INFO 2420 --- [skillcode_spring_boot] [           main] .t.s.SkillcodeSpringBootApplicationTests : No active profile set, falling back to 1 default profile: "default"
2025-06-22T19:00:40.553-03:00  INFO 2420 --- [skillcode_spring_boot] [           main] .s.d.r.c.RepositoryConfigurationDelegate : Multiple Spring Data modules found, entering strict repository configuration mode
2025-06-22T19:00:40.583-03:00  INFO 2420 --- [skillcode_spring_boot] [           main] .s.d.r.c.RepositoryConfigurationDelegate : Bootstrapping Spring Data JDBC repositories in DEFAULT mode.
2025-06-22T19:00:40.832-03:00  INFO 2420 --- [skillcode_spring_boot] [           main] .RepositoryConfigurationExtensionSupport : Spring Data JDBC - Could not safely identify store assignment for repository candidate interface projeto.tcc.skillcode.repository.UsuarioRepository; If you want this repository to be a JDBC repository, consider annotating your entities with one of these annotations: org.springframework.data.relational.core.mapping.Table.
2025-06-22T19:00:40.834-03:00  INFO 2420 --- [skillcode_spring_boot] [           main] .s.d.r.c.RepositoryConfigurationDelegate : Finished Spring Data repository scanning in 225 ms. Found 0 JDBC repository interfaces.
2025-06-22T19:00:40.900-03:00  INFO 2420 --- [skillcode_spring_boot] [           main] .s.d.r.c.RepositoryConfigurationDelegate : Multiple Spring Data modules found, entering strict repository configuration mode
2025-06-22T19:00:40.924-03:00  INFO 2420 --- [skillcode_spring_boot] [           main] .s.d.r.c.RepositoryConfigurationDelegate : Bootstrapping Spring Data JPA repositories in DEFAULT mode.
2025-06-22T19:00:41.190-03:00  INFO 2420 --- [skillcode_spring_boot] [           main] .s.d.r.c.RepositoryConfigurationDelegate : Finished Spring Data repository scanning in 226 ms. Found 1 JPA repository interface.
2025-06-22T19:00:46.047-03:00  INFO 2420 --- [skillcode_spring_boot] [           main] o.hibernate.jpa.internal.util.LogHelper  : HHH000204: Processing PersistenceUnitInfo [name: default]
2025-06-22T19:00:50.270-03:00  INFO 2420 --- [skillcode_spring_boot] [           main] org.hibernate.Version                    : HHH000412: Hibernate ORM core version 6.6.11.Final
2025-06-22T19:00:50.788-03:00  INFO 2420 --- [skillcode_spring_boot] [           main] o.h.c.internal.RegionFactoryInitiator    : HHH000026: Second-level cache disabled
2025-06-22T19:00:56.756-03:00  INFO 2420 --- [skillcode_spring_boot] [           main] o.s.o.j.p.SpringPersistenceUnitInfo      : No LoadTimeWeaver setup: ignoring JPA class transformer
2025-06-22T19:00:57.258-03:00  INFO 2420 --- [skillcode_spring_boot] [           main] com.zaxxer.hikari.HikariDataSource       : HikariPool-1 - Starting...
2025-06-22T19:01:06.324-03:00  INFO 2420 --- [skillcode_spring_boot] [           main] com.zaxxer.hikari.pool.HikariPool        : HikariPool-1 - Added connection com.mysql.cj.jdbc.ConnectionImpl@7ff6804a
2025-06-22T19:01:06.383-03:00  INFO 2420 --- [skillcode_spring_boot] [           main] com.zaxxer.hikari.HikariDataSource       : HikariPool-1 - Start completed.
2025-06-22T19:01:07.238-03:00  WARN 2420 --- [skillcode_spring_boot] [           main] org.hibernate.dialect.Dialect            : HHH000511: The 5.5.5 version for [org.hibernate.dialect.MySQLDialect] is no longer supported, hence certain features may not work properly. The minimum supported version is 8.0.0. Check the community dialects project for available legacy versions.
2025-06-22T19:01:07.529-03:00  INFO 2420 --- [skillcode_spring_boot] [           main] org.hibernate.orm.connections.pooling    : HHH10001005: Database info:
	Database JDBC URL [Connecting through datasource 'HikariDataSource (HikariPool-1)']
	Database driver: undefined/unknown
	Database version: 5.5.5
	Autocommit mode: undefined/unknown
	Isolation level: undefined/unknown
	Minimum pool size: undefined/unknown
	Maximum pool size: undefined/unknown
2025-06-22T19:01:13.586-03:00  INFO 2420 --- [skillcode_spring_boot] [           main] o.h.e.t.j.p.i.JtaPlatformInitiator       : HHH000489: No JTA platform available (set 'hibernate.transaction.jta.platform' to enable JTA platform integration)
Hibernate: create table usuarios (id integer not null auto_increment, email varchar(255), login varchar(255), nome varchar(255), pontuacao integer, senha varchar(255), primary key (id)) engine=InnoDB
2025-06-22T19:01:18.348-03:00  INFO 2420 --- [skillcode_spring_boot] [           main] j.LocalContainerEntityManagerFactoryBean : Initialized JPA EntityManagerFactory for persistence unit 'default'
2025-06-22T19:01:22.041-03:00  WARN 2420 --- [skillcode_spring_boot] [           main] JpaBaseConfiguration$JpaWebConfiguration : spring.jpa.open-in-view is enabled by default. Therefore, database queries may be performed during view rendering. Explicitly configure spring.jpa.open-in-view to disable this warning
2025-06-22T19:01:28.566-03:00  INFO 2420 --- [skillcode_spring_boot] [           main] .t.s.SkillcodeSpringBootApplicationTests : Started SkillcodeSpringBootApplicationTests in 59.232 seconds (process running for 68.0)
]]></system-out>
  </testcase>
</testsuite>